["```py\nfrom selenium import webdriver\n\nbrowser = webdriver.Firefox()\n\n# Edith has heard about a cool new online to-do app.\n# She goes to check out its homepage\nbrowser.get(\"http://localhost:8000\")\n\n# She notices the page title and header mention to-do lists\nassert \"To-Do\" in browser.title\n\n# She is invited to enter a to-do item straight away\n\n# She types \"Buy peacock feathers\" into a text box\n# (Edith's hobby is tying fly-fishing lures)\n\n# When she hits enter, the page updates, and now the page lists\n# \"1: Buy peacock feathers\" as an item in a to-do list\n\n# There is still a text box inviting her to add another item.\n# She enters \"Use peacock feathers to make a fly\" (Edith is very methodical)\n\n# The page updates again, and now shows both items on her list\n\n# Satisfied, she goes back to sleep\n\nbrowser.quit()\n```", "```py\n$ python manage.py runserver\n```", "```py\n$ python functional_tests.py\nTraceback (most recent call last):\n  File \"...goat-book/functional_tests.py\", line 10, in <module>\n    assert \"To-Do\" in browser.title\n           ^^^^^^^^^^^^^^^^^^^^^^^^\nAssertionError\n```", "```py\nassert \"To-Do\" in browser.title, f\"Browser title was {browser.title}\"\n```", "```py\nimport unittest\nfrom selenium import webdriver\n\nclass NewVisitorTest(unittest.TestCase):  ![1](assets/1.png)\n    def setUp(self):  ![3](assets/3.png)\n        self.browser = webdriver.Firefox()  ![4](assets/4.png)\n\n    def tearDown(self):  ![3](assets/3.png)\n        self.browser.quit()\n\n    def test_can_start_a_todo_list(self):  ![2](assets/2.png)\n        # Edith has heard about a cool new online to-do app.\n        # She goes to check out its homepage\n        self.browser.get(\"http://localhost:8000\")  ![4](assets/4.png)\n\n        # She notices the page title and header mention to-do lists\n        self.assertIn(\"To-Do\", self.browser.title)  ![5](assets/5.png)\n\n        # She is invited to enter a to-do item straight away\n        self.fail(\"Finish the test!\")  ![6](assets/6.png)\n\n        [...]\n\n        # Satisfied, she goes back to sleep\n\nif __name__ == \"__main__\":  ![7](assets/7.png)\n    unittest.main()  ![7](assets/7.png)\n```", "```py\n$ python functional_tests.py\nF\n======================================================================\nFAIL: test_can_start_a_todo_list\n(__main__.NewVisitorTest.test_can_start_a_todo_list)\n ---------------------------------------------------------------------\nTraceback (most recent call last):\n  File \"...goat-book/functional_tests.py\", line 18, in\ntest_can_start_a_todo_list\n    self.assertIn(\"To-Do\", self.browser.title)\nAssertionError: 'To-Do' not found in 'The install worked successfully!\nCongratulations!'\n\n ---------------------------------------------------------------------\nRan 1 test in 1.747s\n\nFAILED (failures=1)\n```", "```py\n$ git diff -w\ndiff --git a/functional_tests.py b/functional_tests.py\nindex d333591..b0f22dc 100644\n--- a/functional_tests.py\n+++ b/functional_tests.py\n@@ -1,15 +1,24 @@\n+import unittest\n from selenium import webdriver\n\n-browser = webdriver.Firefox()\n\n+class NewVisitorTest(unittest.TestCase):\n+    def setUp(self):\n+        self.browser = webdriver.Firefox()\n+\n+    def tearDown(self):\n+        self.browser.quit()\n+\n+    def test_can_start_a_todo_list(self):\n         # Edith has heard about a cool new online to-do app.\n         # She goes to check out its homepage\n-browser.get(\"http://localhost:8000\")\n+        self.browser.get(\"http://localhost:8000\")\n\n         # She notices the page title and header mention to-do lists\n-assert \"To-Do\" in browser.title\n+        self.assertIn(\"To-Do\", self.browser.title)\n\n         # She is invited to enter a to-do item straight away\n+        self.fail(\"Finish the test!\")\n\n[...]\n```", "```py\n$ git commit -a\n```"]